<?xml version="1.0" encoding="UTF-8"?>
<!-- Generated by org.testng.reporters.JUnitXMLReporter -->
<testsuite ignored="0" hostname="DESKTOP-G67QNAS" failures="0" tests="7" name="Cart Tests" time="33.146" errors="0" timestamp="2026-06-10T12:09:26 MSK">
  <testcase classname="com.saucedemo.tests.CartTest" name="testAddOneItemToCart" time="0.286"/>
  <testcase classname="com.saucedemo.tests.CartTest" name="testAddMultipleItemsToCart" time="0.358"/>
  <testcase classname="com.saucedemo.tests.CartTest" name="testItemAppearsInCart" time="0.4"/>
  <testcase classname="com.saucedemo.tests.CartTest" name="testRemoveItemFromCart" time="0.464"/>
  <testcase classname="com.saucedemo.tests.CartTest" name="testCartEmptyAfterRemoveAll" time="20.463"/>
  <testcase classname="com.saucedemo.tests.CartTest" name="testContinueShopping" time="0.355"/>
  <testcase classname="com.saucedemo.tests.CartTest" name="testCheckoutButtonNavigation" time="0.418"/>
</testsuite> <!-- Cart Tests -->
