<?xml version="1.0" encoding="UTF-8"?>
<!-- Generated by org.testng.reporters.JUnitXMLReporter -->
<testsuite ignored="0" hostname="DESKTOP-G67QNAS" failures="0" tests="7" name="Checkout Tests" time="14.924" errors="0" timestamp="2026-06-10T12:09:41 MSK">
  <testcase classname="com.saucedemo.tests.CheckoutTest" name="testFullCheckoutFlow" time="0.75"/>
  <testcase classname="com.saucedemo.tests.CheckoutTest" name="testCheckoutEmptyFirstName" time="0.607"/>
  <testcase classname="com.saucedemo.tests.CheckoutTest" name="testCheckoutEmptyLastName" time="0.641"/>
  <testcase classname="com.saucedemo.tests.CheckoutTest" name="testCheckoutEmptyZip" time="0.576"/>
  <testcase classname="com.saucedemo.tests.CheckoutTest" name="testCheckoutAllFieldsEmpty" time="0.469"/>
  <testcase classname="com.saucedemo.tests.CheckoutTest" name="testCheckoutSummaryData" time="0.686"/>
  <testcase classname="com.saucedemo.tests.CheckoutTest" name="testCheckoutCancelOnStep1" time="0.447"/>
</testsuite> <!-- Checkout Tests -->
