<?xml version="1.0" encoding="UTF-8"?>
<!-- Generated by org.testng.reporters.JUnitXMLReporter -->
<testsuite ignored="0" hostname="DESKTOP-G67QNAS" failures="0" tests="15" name="Login Tests" time="38.715" errors="0" timestamp="2026-06-10T12:08:53 MSK">
  <testcase classname="com.saucedemo.tests.LoginTest" name="testLoginStandardUser" time="0.294"/>
  <testcase classname="com.saucedemo.tests.LoginTest" name="testLoginLockedOutUser" time="0.284"/>
  <testcase classname="com.saucedemo.tests.LoginTest" name="testLoginPerformanceUser" time="5.242"/>
  <testcase classname="com.saucedemo.tests.LoginTest" name="testLoginEmptyUsername" time="0.204"/>
  <testcase classname="com.saucedemo.tests.LoginTest" name="testLoginEmptyPassword" time="0.228"/>
  <testcase classname="com.saucedemo.tests.LoginTest" name="testLoginBothFieldsEmpty" time="0.201"/>
  <testcase classname="com.saucedemo.tests.LoginTest" name="testLoginWrongUsername" time="0.24"/>
  <testcase classname="com.saucedemo.tests.LoginTest" name="testLoginWrongPassword" time="0.223"/>
  <testcase classname="com.saucedemo.tests.LoginTest" name="testLogout" time="3.88"/>
  <testcase classname="com.saucedemo.tests.LoginTest" name="testAllUsersLogin" time="0.222"/>
  <testcase classname="com.saucedemo.tests.LoginTest" name="testAllUsersLogin" time="0.195"/>
  <testcase classname="com.saucedemo.tests.LoginTest" name="testAllUsersLogin" time="0.231"/>
  <testcase classname="com.saucedemo.tests.LoginTest" name="testAllUsersLogin" time="5.235"/>
  <testcase classname="com.saucedemo.tests.LoginTest" name="testAllUsersLogin" time="0.231"/>
  <testcase classname="com.saucedemo.tests.LoginTest" name="testAllUsersLogin" time="0.233"/>
</testsuite> <!-- Login Tests -->
