<?xml version="1.0" encoding="UTF-8"?>
<testng-results ignored="0" total="29" passed="29" failed="0" skipped="0">
  <reporter-output>
  </reporter-output>
  <suite started-at="2026-06-10T12:08:15 MSK" name="SauceDemo Test Suite" finished-at="2026-06-10T12:09:41 MSK" duration-ms="86801">
    <groups>
    </groups>
    <test started-at="2026-06-10T12:08:15 MSK" name="Login Tests" finished-at="2026-06-10T12:08:53 MSK" duration-ms="38715">
      <class name="com.saucedemo.tests.LoginTest">
        <test-method is-config="true" signature="setUp(java.lang.String,java.lang.String)[pri:0, instance:com.saucedemo.tests.LoginTest@7ce026d3]" started-at="2026-06-10T12:08:15 MSK" name="setUp" finished-at="2026-06-10T12:08:16 MSK" duration-ms="1761" status="PASS">
          <params>
            <param index="0">
              <value>
                <![CDATA[chrome]]>
              </value>
            </param>
            <param index="1">
              <value>
                <![CDATA[false]]>
              </value>
            </param>
          </params>
          <reporter-output>
          </reporter-output>
        </test-method> <!-- setUp -->
        <test-method signature="testLoginStandardUser()[pri:1, instance:com.saucedemo.tests.LoginTest@7ce026d3]" started-at="2026-06-10T12:08:16 MSK" name="testLoginStandardUser" description="TC-LOGIN-001: Успешный вход standard_user" finished-at="2026-06-10T12:08:17 MSK" duration-ms="294" status="PASS">
          <reporter-output>
          </reporter-output>
        </test-method> <!-- testLoginStandardUser -->
        <test-method is-config="true" signature="tearDown(org.testng.ITestResult)[pri:0, instance:com.saucedemo.tests.LoginTest@7ce026d3]" started-at="2026-06-10T12:08:17 MSK" name="tearDown" finished-at="2026-06-10T12:08:17 MSK" duration-ms="111" status="PASS">
          <params>
            <param index="0">
              <value>
                <![CDATA[[TestResult name=testLoginStandardUser status=SUCCESS method=LoginTest.testLoginStandardUser()[pri:1, instance:com.saucedemo.tests.LoginTest@7ce026d3] output={null}]]]>
              </value>
            </param>
          </params>
          <reporter-output>
          </reporter-output>
        </test-method> <!-- tearDown -->
        <test-method is-config="true" signature="setUp(java.lang.String,java.lang.String)[pri:0, instance:com.saucedemo.tests.LoginTest@7ce026d3]" started-at="2026-06-10T12:08:17 MSK" name="setUp" finished-at="2026-06-10T12:08:18 MSK" duration-ms="1296" status="PASS">
          <params>
            <param index="0">
              <value>
                <![CDATA[chrome]]>
              </value>
            </param>
            <param index="1">
              <value>
                <![CDATA[false]]>
              </value>
            </param>
          </params>
          <reporter-output>
          </reporter-output>
        </test-method> <!-- setUp -->
        <test-method signature="testLoginLockedOutUser()[pri:2, instance:com.saucedemo.tests.LoginTest@7ce026d3]" started-at="2026-06-10T12:08:18 MSK" name="testLoginLockedOutUser" description="TC-LOGIN-002: Вход locked_out_user — ожидается блокировка" finished-at="2026-06-10T12:08:18 MSK" duration-ms="284" status="PASS">
          <reporter-output>
          </reporter-output>
        </test-method> <!-- testLoginLockedOutUser -->
        <test-method is-config="true" signature="tearDown(org.testng.ITestResult)[pri:0, instance:com.saucedemo.tests.LoginTest@7ce026d3]" started-at="2026-06-10T12:08:18 MSK" name="tearDown" finished-at="2026-06-10T12:08:18 MSK" duration-ms="95" status="PASS">
          <params>
            <param index="0">
              <value>
                <![CDATA[[TestResult name=testLoginLockedOutUser status=SUCCESS method=LoginTest.testLoginLockedOutUser()[pri:2, instance:com.saucedemo.tests.LoginTest@7ce026d3] output={null}]]]>
              </value>
            </param>
          </params>
          <reporter-output>
          </reporter-output>
        </test-method> <!-- tearDown -->
        <test-method is-config="true" signature="setUp(java.lang.String,java.lang.String)[pri:0, instance:com.saucedemo.tests.LoginTest@7ce026d3]" started-at="2026-06-10T12:08:18 MSK" name="setUp" finished-at="2026-06-10T12:08:20 MSK" duration-ms="1278" status="PASS">
          <params>
            <param index="0">
              <value>
                <![CDATA[chrome]]>
              </value>
            </param>
            <param index="1">
              <value>
                <![CDATA[false]]>
              </value>
            </param>
          </params>
          <reporter-output>
          </reporter-output>
        </test-method> <!-- setUp -->
        <test-method signature="testLoginPerformanceUser()[pri:3, instance:com.saucedemo.tests.LoginTest@7ce026d3]" started-at="2026-06-10T12:08:20 MSK" name="testLoginPerformanceUser" description="TC-LOGIN-003: Вход performance_glitch_user" finished-at="2026-06-10T12:08:25 MSK" duration-ms="5242" status="PASS">
          <reporter-output>
          </reporter-output>
        </test-method> <!-- testLoginPerformanceUser -->
        <test-method is-config="true" signature="tearDown(org.testng.ITestResult)[pri:0, instance:com.saucedemo.tests.LoginTest@7ce026d3]" started-at="2026-06-10T12:08:25 MSK" name="tearDown" finished-at="2026-06-10T12:08:25 MSK" duration-ms="110" status="PASS">
          <params>
            <param index="0">
              <value>
                <![CDATA[[TestResult name=testLoginPerformanceUser status=SUCCESS method=LoginTest.testLoginPerformanceUser()[pri:3, instance:com.saucedemo.tests.LoginTest@7ce026d3] output={null}]]]>
              </value>
            </param>
          </params>
          <reporter-output>
          </reporter-output>
        </test-method> <!-- tearDown -->
        <test-method is-config="true" signature="setUp(java.lang.String,java.lang.String)[pri:0, instance:com.saucedemo.tests.LoginTest@7ce026d3]" started-at="2026-06-10T12:08:25 MSK" name="setUp" finished-at="2026-06-10T12:08:26 MSK" duration-ms="1305" status="PASS">
          <params>
            <param index="0">
              <value>
                <![CDATA[chrome]]>
              </value>
            </param>
            <param index="1">
              <value>
                <![CDATA[false]]>
              </value>
            </param>
          </params>
          <reporter-output>
          </reporter-output>
        </test-method> <!-- setUp -->
        <test-method signature="testLoginEmptyUsername()[pri:4, instance:com.saucedemo.tests.LoginTest@7ce026d3]" started-at="2026-06-10T12:08:26 MSK" name="testLoginEmptyUsername" description="TC-LOGIN-004: Попытка входа с пустым логином" finished-at="2026-06-10T12:08:27 MSK" duration-ms="204" status="PASS">
          <reporter-output>
          </reporter-output>
        </test-method> <!-- testLoginEmptyUsername -->
        <test-method is-config="true" signature="tearDown(org.testng.ITestResult)[pri:0, instance:com.saucedemo.tests.LoginTest@7ce026d3]" started-at="2026-06-10T12:08:27 MSK" name="tearDown" finished-at="2026-06-10T12:08:27 MSK" duration-ms="101" status="PASS">
          <params>
            <param index="0">
              <value>
                <![CDATA[[TestResult name=testLoginEmptyUsername status=SUCCESS method=LoginTest.testLoginEmptyUsername()[pri:4, instance:com.saucedemo.tests.LoginTest@7ce026d3] output={null}]]]>
              </value>
            </param>
          </params>
          <reporter-output>
          </reporter-output>
        </test-method> <!-- tearDown -->
        <test-method is-config="true" signature="setUp(java.lang.String,java.lang.String)[pri:0, instance:com.saucedemo.tests.LoginTest@7ce026d3]" started-at="2026-06-10T12:08:27 MSK" name="setUp" finished-at="2026-06-10T12:08:28 MSK" duration-ms="1383" status="PASS">
          <params>
            <param index="0">
              <value>
                <![CDATA[chrome]]>
              </value>
            </param>
            <param index="1">
              <value>
                <![CDATA[false]]>
              </value>
            </param>
          </params>
          <reporter-output>
          </reporter-output>
        </test-method> <!-- setUp -->
        <test-method signature="testLoginEmptyPassword()[pri:5, instance:com.saucedemo.tests.LoginTest@7ce026d3]" started-at="2026-06-10T12:08:28 MSK" name="testLoginEmptyPassword" description="TC-LOGIN-005: Попытка входа с пустым паролем" finished-at="2026-06-10T12:08:28 MSK" duration-ms="228" status="PASS">
          <reporter-output>
          </reporter-output>
        </test-method> <!-- testLoginEmptyPassword -->
        <test-method is-config="true" signature="tearDown(org.testng.ITestResult)[pri:0, instance:com.saucedemo.tests.LoginTest@7ce026d3]" started-at="2026-06-10T12:08:28 MSK" name="tearDown" finished-at="2026-06-10T12:08:28 MSK" duration-ms="99" status="PASS">
          <params>
            <param index="0">
              <value>
                <![CDATA[[TestResult name=testLoginEmptyPassword status=SUCCESS method=LoginTest.testLoginEmptyPassword()[pri:5, instance:com.saucedemo.tests.LoginTest@7ce026d3] output={null}]]]>
              </value>
            </param>
          </params>
          <reporter-output>
          </reporter-output>
        </test-method> <!-- tearDown -->
        <test-method is-config="true" signature="setUp(java.lang.String,java.lang.String)[pri:0, instance:com.saucedemo.tests.LoginTest@7ce026d3]" started-at="2026-06-10T12:08:28 MSK" name="setUp" finished-at="2026-06-10T12:08:30 MSK" duration-ms="1295" status="PASS">
          <params>
            <param index="0">
              <value>
                <![CDATA[chrome]]>
              </value>
            </param>
            <param index="1">
              <value>
                <![CDATA[false]]>
              </value>
            </param>
          </params>
          <reporter-output>
          </reporter-output>
        </test-method> <!-- setUp -->
        <test-method signature="testLoginBothFieldsEmpty()[pri:6, instance:com.saucedemo.tests.LoginTest@7ce026d3]" started-at="2026-06-10T12:08:30 MSK" name="testLoginBothFieldsEmpty" description="TC-LOGIN-006: Оба поля пустые" finished-at="2026-06-10T12:08:30 MSK" duration-ms="201" status="PASS">
          <reporter-output>
          </reporter-output>
        </test-method> <!-- testLoginBothFieldsEmpty -->
        <test-method is-config="true" signature="tearDown(org.testng.ITestResult)[pri:0, instance:com.saucedemo.tests.LoginTest@7ce026d3]" started-at="2026-06-10T12:08:30 MSK" name="tearDown" finished-at="2026-06-10T12:08:30 MSK" duration-ms="111" status="PASS">
          <params>
            <param index="0">
              <value>
                <![CDATA[[TestResult name=testLoginBothFieldsEmpty status=SUCCESS method=LoginTest.testLoginBothFieldsEmpty()[pri:6, instance:com.saucedemo.tests.LoginTest@7ce026d3] output={null}]]]>
              </value>
            </param>
          </params>
          <reporter-output>
          </reporter-output>
        </test-method> <!-- tearDown -->
        <test-method is-config="true" signature="setUp(java.lang.String,java.lang.String)[pri:0, instance:com.saucedemo.tests.LoginTest@7ce026d3]" started-at="2026-06-10T12:08:30 MSK" name="setUp" finished-at="2026-06-10T12:08:31 MSK" duration-ms="1325" status="PASS">
          <params>
            <param index="0">
              <value>
                <![CDATA[chrome]]>
              </value>
            </param>
            <param index="1">
              <value>
                <![CDATA[false]]>
              </value>
            </param>
          </params>
          <reporter-output>
          </reporter-output>
        </test-method> <!-- setUp -->
        <test-method signature="testLoginWrongUsername()[pri:7, instance:com.saucedemo.tests.LoginTest@7ce026d3]" started-at="2026-06-10T12:08:31 MSK" name="testLoginWrongUsername" description="TC-LOGIN-007: Неверный логин" finished-at="2026-06-10T12:08:32 MSK" duration-ms="240" status="PASS">
          <reporter-output>
          </reporter-output>
        </test-method> <!-- testLoginWrongUsername -->
        <test-method is-config="true" signature="tearDown(org.testng.ITestResult)[pri:0, instance:com.saucedemo.tests.LoginTest@7ce026d3]" started-at="2026-06-10T12:08:32 MSK" name="tearDown" finished-at="2026-06-10T12:08:32 MSK" duration-ms="88" status="PASS">
          <params>
            <param index="0">
              <value>
                <![CDATA[[TestResult name=testLoginWrongUsername status=SUCCESS method=LoginTest.testLoginWrongUsername()[pri:7, instance:com.saucedemo.tests.LoginTest@7ce026d3] output={null}]]]>
              </value>
            </param>
          </params>
          <reporter-output>
          </reporter-output>
        </test-method> <!-- tearDown -->
        <test-method is-config="true" signature="setUp(java.lang.String,java.lang.String)[pri:0, instance:com.saucedemo.tests.LoginTest@7ce026d3]" started-at="2026-06-10T12:08:32 MSK" name="setUp" finished-at="2026-06-10T12:08:33 MSK" duration-ms="1386" status="PASS">
          <params>
            <param index="0">
              <value>
                <![CDATA[chrome]]>
              </value>
            </param>
            <param index="1">
              <value>
                <![CDATA[false]]>
              </value>
            </param>
          </params>
          <reporter-output>
          </reporter-output>
        </test-method> <!-- setUp -->
        <test-method signature="testLoginWrongPassword()[pri:8, instance:com.saucedemo.tests.LoginTest@7ce026d3]" started-at="2026-06-10T12:08:33 MSK" name="testLoginWrongPassword" description="TC-LOGIN-008: Неверный пароль" finished-at="2026-06-10T12:08:33 MSK" duration-ms="223" status="PASS">
          <reporter-output>
          </reporter-output>
        </test-method> <!-- testLoginWrongPassword -->
        <test-method is-config="true" signature="tearDown(org.testng.ITestResult)[pri:0, instance:com.saucedemo.tests.LoginTest@7ce026d3]" started-at="2026-06-10T12:08:33 MSK" name="tearDown" finished-at="2026-06-10T12:08:33 MSK" duration-ms="112" status="PASS">
          <params>
            <param index="0">
              <value>
                <![CDATA[[TestResult name=testLoginWrongPassword status=SUCCESS method=LoginTest.testLoginWrongPassword()[pri:8, instance:com.saucedemo.tests.LoginTest@7ce026d3] output={null}]]]>
              </value>
            </param>
          </params>
          <reporter-output>
          </reporter-output>
        </test-method> <!-- tearDown -->
        <test-method is-config="true" signature="setUp(java.lang.String,java.lang.String)[pri:0, instance:com.saucedemo.tests.LoginTest@7ce026d3]" started-at="2026-06-10T12:08:33 MSK" name="setUp" finished-at="2026-06-10T12:08:35 MSK" duration-ms="1281" status="PASS">
          <params>
            <param index="0">
              <value>
                <![CDATA[chrome]]>
              </value>
            </param>
            <param index="1">
              <value>
                <![CDATA[false]]>
              </value>
            </param>
          </params>
          <reporter-output>
          </reporter-output>
        </test-method> <!-- setUp -->
        <test-method signature="testLogout()[pri:9, instance:com.saucedemo.tests.LoginTest@7ce026d3]" started-at="2026-06-10T12:08:35 MSK" name="testLogout" description="TC-LOGIN-009: Успешный выход из системы" finished-at="2026-06-10T12:08:39 MSK" duration-ms="3880" status="PASS">
          <reporter-output>
          </reporter-output>
        </test-method> <!-- testLogout -->
        <test-method is-config="true" signature="tearDown(org.testng.ITestResult)[pri:0, instance:com.saucedemo.tests.LoginTest@7ce026d3]" started-at="2026-06-10T12:08:39 MSK" name="tearDown" finished-at="2026-06-10T12:08:39 MSK" duration-ms="109" status="PASS">
          <params>
            <param index="0">
              <value>
                <![CDATA[[TestResult name=testLogout status=SUCCESS method=LoginTest.testLogout()[pri:9, instance:com.saucedemo.tests.LoginTest@7ce026d3] output={null}]]]>
              </value>
            </param>
          </params>
          <reporter-output>
          </reporter-output>
        </test-method> <!-- tearDown -->
        <test-method is-config="true" signature="setUp(java.lang.String,java.lang.String)[pri:0, instance:com.saucedemo.tests.LoginTest@7ce026d3]" started-at="2026-06-10T12:08:39 MSK" name="setUp" finished-at="2026-06-10T12:08:40 MSK" duration-ms="1322" status="PASS">
          <params>
            <param index="0">
              <value>
                <![CDATA[chrome]]>
              </value>
            </param>
            <param index="1">
              <value>
                <![CDATA[false]]>
              </value>
            </param>
          </params>
          <reporter-output>
          </reporter-output>
        </test-method> <!-- setUp -->
        <test-method signature="testAllUsersLogin(java.lang.String,boolean,java.lang.String)[pri:10, instance:com.saucedemo.tests.LoginTest@7ce026d3]" started-at="2026-06-10T12:08:40 MSK" name="testAllUsersLogin" description="TC-LOGIN-010: Проверка входа для всех 6 ролей" data-provider="allUsers" finished-at="2026-06-10T12:08:40 MSK" duration-ms="222" status="PASS">
          <params>
            <param index="0">
              <value>
                <![CDATA[standard_user]]>
              </value>
            </param>
            <param index="1">
              <value>
                <![CDATA[true]]>
              </value>
            </param>
            <param index="2">
              <value>
                <![CDATA[standard_user — должен войти]]>
              </value>
            </param>
          </params>
          <reporter-output>
          </reporter-output>
        </test-method> <!-- testAllUsersLogin -->
        <test-method is-config="true" signature="tearDown(org.testng.ITestResult)[pri:0, instance:com.saucedemo.tests.LoginTest@7ce026d3]" started-at="2026-06-10T12:08:40 MSK" name="tearDown" finished-at="2026-06-10T12:08:40 MSK" duration-ms="102" status="PASS">
          <params>
            <param index="0">
              <value>
                <![CDATA[[TestResult name=testAllUsersLogin status=SUCCESS method=LoginTest.testAllUsersLogin(java.lang.String,boolean,java.lang.String)[pri:10, instance:com.saucedemo.tests.LoginTest@7ce026d3] output={null}]]]>
              </value>
            </param>
          </params>
          <reporter-output>
          </reporter-output>
        </test-method> <!-- tearDown -->
        <test-method is-config="true" signature="setUp(java.lang.String,java.lang.String)[pri:0, instance:com.saucedemo.tests.LoginTest@7ce026d3]" started-at="2026-06-10T12:08:40 MSK" name="setUp" finished-at="2026-06-10T12:08:42 MSK" duration-ms="1263" status="PASS">
          <params>
            <param index="0">
              <value>
                <![CDATA[chrome]]>
              </value>
            </param>
            <param index="1">
              <value>
                <![CDATA[false]]>
              </value>
            </param>
          </params>
          <reporter-output>
          </reporter-output>
        </test-method> <!-- setUp -->
        <test-method signature="testAllUsersLogin(java.lang.String,boolean,java.lang.String)[pri:10, instance:com.saucedemo.tests.LoginTest@7ce026d3]" started-at="2026-06-10T12:08:42 MSK" name="testAllUsersLogin" description="TC-LOGIN-010: Проверка входа для всех 6 ролей" data-provider="allUsers" finished-at="2026-06-10T12:08:42 MSK" duration-ms="195" status="PASS">
          <params>
            <param index="0">
              <value>
                <![CDATA[locked_out_user]]>
              </value>
            </param>
            <param index="1">
              <value>
                <![CDATA[false]]>
              </value>
            </param>
            <param index="2">
              <value>
                <![CDATA[locked_out_user — должен быть отказ]]>
              </value>
            </param>
          </params>
          <reporter-output>
          </reporter-output>
        </test-method> <!-- testAllUsersLogin -->
        <test-method is-config="true" signature="tearDown(org.testng.ITestResult)[pri:0, instance:com.saucedemo.tests.LoginTest@7ce026d3]" started-at="2026-06-10T12:08:42 MSK" name="tearDown" finished-at="2026-06-10T12:08:42 MSK" duration-ms="99" status="PASS">
          <params>
            <param index="0">
              <value>
                <![CDATA[[TestResult name=testAllUsersLogin status=SUCCESS method=LoginTest.testAllUsersLogin(java.lang.String,boolean,java.lang.String)[pri:10, instance:com.saucedemo.tests.LoginTest@7ce026d3] output={null}]]]>
              </value>
            </param>
          </params>
          <reporter-output>
          </reporter-output>
        </test-method> <!-- tearDown -->
        <test-method is-config="true" signature="setUp(java.lang.String,java.lang.String)[pri:0, instance:com.saucedemo.tests.LoginTest@7ce026d3]" started-at="2026-06-10T12:08:42 MSK" name="setUp" finished-at="2026-06-10T12:08:43 MSK" duration-ms="1241" status="PASS">
          <params>
            <param index="0">
              <value>
                <![CDATA[chrome]]>
              </value>
            </param>
            <param index="1">
              <value>
                <![CDATA[false]]>
              </value>
            </param>
          </params>
          <reporter-output>
          </reporter-output>
        </test-method> <!-- setUp -->
        <test-method signature="testAllUsersLogin(java.lang.String,boolean,java.lang.String)[pri:10, instance:com.saucedemo.tests.LoginTest@7ce026d3]" started-at="2026-06-10T12:08:43 MSK" name="testAllUsersLogin" description="TC-LOGIN-010: Проверка входа для всех 6 ролей" data-provider="allUsers" finished-at="2026-06-10T12:08:43 MSK" duration-ms="231" status="PASS">
          <params>
            <param index="0">
              <value>
                <![CDATA[problem_user]]>
              </value>
            </param>
            <param index="1">
              <value>
                <![CDATA[true]]>
              </value>
            </param>
            <param index="2">
              <value>
                <![CDATA[problem_user — должен войти]]>
              </value>
            </param>
          </params>
          <reporter-output>
          </reporter-output>
        </test-method> <!-- testAllUsersLogin -->
        <test-method is-config="true" signature="tearDown(org.testng.ITestResult)[pri:0, instance:com.saucedemo.tests.LoginTest@7ce026d3]" started-at="2026-06-10T12:08:43 MSK" name="tearDown" finished-at="2026-06-10T12:08:43 MSK" duration-ms="115" status="PASS">
          <params>
            <param index="0">
              <value>
                <![CDATA[[TestResult name=testAllUsersLogin status=SUCCESS method=LoginTest.testAllUsersLogin(java.lang.String,boolean,java.lang.String)[pri:10, instance:com.saucedemo.tests.LoginTest@7ce026d3] output={null}]]]>
              </value>
            </param>
          </params>
          <reporter-output>
          </reporter-output>
        </test-method> <!-- tearDown -->
        <test-method is-config="true" signature="setUp(java.lang.String,java.lang.String)[pri:0, instance:com.saucedemo.tests.LoginTest@7ce026d3]" started-at="2026-06-10T12:08:43 MSK" name="setUp" finished-at="2026-06-10T12:08:45 MSK" duration-ms="1246" status="PASS">
          <params>
            <param index="0">
              <value>
                <![CDATA[chrome]]>
              </value>
            </param>
            <param index="1">
              <value>
                <![CDATA[false]]>
              </value>
            </param>
          </params>
          <reporter-output>
          </reporter-output>
        </test-method> <!-- setUp -->
        <test-method signature="testAllUsersLogin(java.lang.String,boolean,java.lang.String)[pri:10, instance:com.saucedemo.tests.LoginTest@7ce026d3]" started-at="2026-06-10T12:08:45 MSK" name="testAllUsersLogin" description="TC-LOGIN-010: Проверка входа для всех 6 ролей" data-provider="allUsers" finished-at="2026-06-10T12:08:50 MSK" duration-ms="5235" status="PASS">
          <params>
            <param index="0">
              <value>
                <![CDATA[performance_glitch_user]]>
              </value>
            </param>
            <param index="1">
              <value>
                <![CDATA[true]]>
              </value>
            </param>
            <param index="2">
              <value>
                <![CDATA[performance_glitch_user — должен войти]]>
              </value>
            </param>
          </params>
          <reporter-output>
          </reporter-output>
        </test-method> <!-- testAllUsersLogin -->
        <test-method is-config="true" signature="tearDown(org.testng.ITestResult)[pri:0, instance:com.saucedemo.tests.LoginTest@7ce026d3]" started-at="2026-06-10T12:08:50 MSK" name="tearDown" finished-at="2026-06-10T12:08:50 MSK" duration-ms="109" status="PASS">
          <params>
            <param index="0">
              <value>
                <![CDATA[[TestResult name=testAllUsersLogin status=SUCCESS method=LoginTest.testAllUsersLogin(java.lang.String,boolean,java.lang.String)[pri:10, instance:com.saucedemo.tests.LoginTest@7ce026d3] output={null}]]]>
              </value>
            </param>
          </params>
          <reporter-output>
          </reporter-output>
        </test-method> <!-- tearDown -->
        <test-method is-config="true" signature="setUp(java.lang.String,java.lang.String)[pri:0, instance:com.saucedemo.tests.LoginTest@7ce026d3]" started-at="2026-06-10T12:08:50 MSK" name="setUp" finished-at="2026-06-10T12:08:51 MSK" duration-ms="1319" status="PASS">
          <params>
            <param index="0">
              <value>
                <![CDATA[chrome]]>
              </value>
            </param>
            <param index="1">
              <value>
                <![CDATA[false]]>
              </value>
            </param>
          </params>
          <reporter-output>
          </reporter-output>
        </test-method> <!-- setUp -->
        <test-method signature="testAllUsersLogin(java.lang.String,boolean,java.lang.String)[pri:10, instance:com.saucedemo.tests.LoginTest@7ce026d3]" started-at="2026-06-10T12:08:51 MSK" name="testAllUsersLogin" description="TC-LOGIN-010: Проверка входа для всех 6 ролей" data-provider="allUsers" finished-at="2026-06-10T12:08:52 MSK" duration-ms="231" status="PASS">
          <params>
            <param index="0">
              <value>
                <![CDATA[error_user]]>
              </value>
            </param>
            <param index="1">
              <value>
                <![CDATA[true]]>
              </value>
            </param>
            <param index="2">
              <value>
                <![CDATA[error_user — должен войти]]>
              </value>
            </param>
          </params>
          <reporter-output>
          </reporter-output>
        </test-method> <!-- testAllUsersLogin -->
        <test-method is-config="true" signature="tearDown(org.testng.ITestResult)[pri:0, instance:com.saucedemo.tests.LoginTest@7ce026d3]" started-at="2026-06-10T12:08:52 MSK" name="tearDown" finished-at="2026-06-10T12:08:52 MSK" duration-ms="110" status="PASS">
          <params>
            <param index="0">
              <value>
                <![CDATA[[TestResult name=testAllUsersLogin status=SUCCESS method=LoginTest.testAllUsersLogin(java.lang.String,boolean,java.lang.String)[pri:10, instance:com.saucedemo.tests.LoginTest@7ce026d3] output={null}]]]>
              </value>
            </param>
          </params>
          <reporter-output>
          </reporter-output>
        </test-method> <!-- tearDown -->
        <test-method is-config="true" signature="setUp(java.lang.String,java.lang.String)[pri:0, instance:com.saucedemo.tests.LoginTest@7ce026d3]" started-at="2026-06-10T12:08:52 MSK" name="setUp" finished-at="2026-06-10T12:08:53 MSK" duration-ms="1255" status="PASS">
          <params>
            <param index="0">
              <value>
                <![CDATA[chrome]]>
              </value>
            </param>
            <param index="1">
              <value>
                <![CDATA[false]]>
              </value>
            </param>
          </params>
          <reporter-output>
          </reporter-output>
        </test-method> <!-- setUp -->
        <test-method signature="testAllUsersLogin(java.lang.String,boolean,java.lang.String)[pri:10, instance:com.saucedemo.tests.LoginTest@7ce026d3]" started-at="2026-06-10T12:08:53 MSK" name="testAllUsersLogin" description="TC-LOGIN-010: Проверка входа для всех 6 ролей" data-provider="allUsers" finished-at="2026-06-10T12:08:53 MSK" duration-ms="233" status="PASS">
          <params>
            <param index="0">
              <value>
                <![CDATA[visual_user]]>
              </value>
            </param>
            <param index="1">
              <value>
                <![CDATA[true]]>
              </value>
            </param>
            <param index="2">
              <value>
                <![CDATA[visual_user — должен войти]]>
              </value>
            </param>
          </params>
          <reporter-output>
          </reporter-output>
        </test-method> <!-- testAllUsersLogin -->
        <test-method is-config="true" signature="tearDown(org.testng.ITestResult)[pri:0, instance:com.saucedemo.tests.LoginTest@7ce026d3]" started-at="2026-06-10T12:08:53 MSK" name="tearDown" finished-at="2026-06-10T12:08:53 MSK" duration-ms="94" status="PASS">
          <params>
            <param index="0">
              <value>
                <![CDATA[[TestResult name=testAllUsersLogin status=SUCCESS method=LoginTest.testAllUsersLogin(java.lang.String,boolean,java.lang.String)[pri:10, instance:com.saucedemo.tests.LoginTest@7ce026d3] output={null}]]]>
              </value>
            </param>
          </params>
          <reporter-output>
          </reporter-output>
        </test-method> <!-- tearDown -->
      </class> <!-- com.saucedemo.tests.LoginTest -->
    </test> <!-- Login Tests -->
    <test started-at="2026-06-10T12:08:53 MSK" name="Cart Tests" finished-at="2026-06-10T12:09:26 MSK" duration-ms="33146">
      <class name="com.saucedemo.tests.CartTest">
        <test-method is-config="true" signature="setUp(java.lang.String,java.lang.String)[pri:0, instance:com.saucedemo.tests.CartTest@70cf32e3]" started-at="2026-06-10T12:08:53 MSK" name="setUp" finished-at="2026-06-10T12:08:55 MSK" duration-ms="1243" status="PASS">
          <params>
            <param index="0">
              <value>
                <![CDATA[chrome]]>
              </value>
            </param>
            <param index="1">
              <value>
                <![CDATA[false]]>
              </value>
            </param>
          </params>
          <reporter-output>
          </reporter-output>
        </test-method> <!-- setUp -->
        <test-method signature="testAddOneItemToCart()[pri:1, instance:com.saucedemo.tests.CartTest@70cf32e3]" started-at="2026-06-10T12:08:55 MSK" name="testAddOneItemToCart" description="TC-CART-001: Добавить 1 товар в корзину" finished-at="2026-06-10T12:08:55 MSK" duration-ms="286" status="PASS">
          <reporter-output>
          </reporter-output>
        </test-method> <!-- testAddOneItemToCart -->
        <test-method is-config="true" signature="tearDown(org.testng.ITestResult)[pri:0, instance:com.saucedemo.tests.CartTest@70cf32e3]" started-at="2026-06-10T12:08:55 MSK" name="tearDown" finished-at="2026-06-10T12:08:55 MSK" duration-ms="101" status="PASS">
          <params>
            <param index="0">
              <value>
                <![CDATA[[TestResult name=testAddOneItemToCart status=SUCCESS method=CartTest.testAddOneItemToCart()[pri:1, instance:com.saucedemo.tests.CartTest@70cf32e3] output={null}]]]>
              </value>
            </param>
          </params>
          <reporter-output>
          </reporter-output>
        </test-method> <!-- tearDown -->
        <test-method is-config="true" signature="setUp(java.lang.String,java.lang.String)[pri:0, instance:com.saucedemo.tests.CartTest@70cf32e3]" started-at="2026-06-10T12:08:55 MSK" name="setUp" finished-at="2026-06-10T12:08:56 MSK" duration-ms="1288" status="PASS">
          <params>
            <param index="0">
              <value>
                <![CDATA[chrome]]>
              </value>
            </param>
            <param index="1">
              <value>
                <![CDATA[false]]>
              </value>
            </param>
          </params>
          <reporter-output>
          </reporter-output>
        </test-method> <!-- setUp -->
        <test-method signature="testAddMultipleItemsToCart()[pri:2, instance:com.saucedemo.tests.CartTest@70cf32e3]" started-at="2026-06-10T12:08:56 MSK" name="testAddMultipleItemsToCart" description="TC-CART-002: Добавить 3 товара в корзину" finished-at="2026-06-10T12:08:57 MSK" duration-ms="358" status="PASS">
          <reporter-output>
          </reporter-output>
        </test-method> <!-- testAddMultipleItemsToCart -->
        <test-method is-config="true" signature="tearDown(org.testng.ITestResult)[pri:0, instance:com.saucedemo.tests.CartTest@70cf32e3]" started-at="2026-06-10T12:08:57 MSK" name="tearDown" finished-at="2026-06-10T12:08:57 MSK" duration-ms="82" status="PASS">
          <params>
            <param index="0">
              <value>
                <![CDATA[[TestResult name=testAddMultipleItemsToCart status=SUCCESS method=CartTest.testAddMultipleItemsToCart()[pri:2, instance:com.saucedemo.tests.CartTest@70cf32e3] output={null}]]]>
              </value>
            </param>
          </params>
          <reporter-output>
          </reporter-output>
        </test-method> <!-- tearDown -->
        <test-method is-config="true" signature="setUp(java.lang.String,java.lang.String)[pri:0, instance:com.saucedemo.tests.CartTest@70cf32e3]" started-at="2026-06-10T12:08:57 MSK" name="setUp" finished-at="2026-06-10T12:08:58 MSK" duration-ms="1243" status="PASS">
          <params>
            <param index="0">
              <value>
                <![CDATA[chrome]]>
              </value>
            </param>
            <param index="1">
              <value>
                <![CDATA[false]]>
              </value>
            </param>
          </params>
          <reporter-output>
          </reporter-output>
        </test-method> <!-- setUp -->
        <test-method signature="testItemAppearsInCart()[pri:3, instance:com.saucedemo.tests.CartTest@70cf32e3]" started-at="2026-06-10T12:08:58 MSK" name="testItemAppearsInCart" description="TC-CART-003: Добавленный товар отображается в корзине" finished-at="2026-06-10T12:08:58 MSK" duration-ms="400" status="PASS">
          <reporter-output>
          </reporter-output>
        </test-method> <!-- testItemAppearsInCart -->
        <test-method is-config="true" signature="tearDown(org.testng.ITestResult)[pri:0, instance:com.saucedemo.tests.CartTest@70cf32e3]" started-at="2026-06-10T12:08:58 MSK" name="tearDown" finished-at="2026-06-10T12:08:58 MSK" duration-ms="93" status="PASS">
          <params>
            <param index="0">
              <value>
                <![CDATA[[TestResult name=testItemAppearsInCart status=SUCCESS method=CartTest.testItemAppearsInCart()[pri:3, instance:com.saucedemo.tests.CartTest@70cf32e3] output={null}]]]>
              </value>
            </param>
          </params>
          <reporter-output>
          </reporter-output>
        </test-method> <!-- tearDown -->
        <test-method is-config="true" signature="setUp(java.lang.String,java.lang.String)[pri:0, instance:com.saucedemo.tests.CartTest@70cf32e3]" started-at="2026-06-10T12:08:58 MSK" name="setUp" finished-at="2026-06-10T12:09:00 MSK" duration-ms="1263" status="PASS">
          <params>
            <param index="0">
              <value>
                <![CDATA[chrome]]>
              </value>
            </param>
            <param index="1">
              <value>
                <![CDATA[false]]>
              </value>
            </param>
          </params>
          <reporter-output>
          </reporter-output>
        </test-method> <!-- setUp -->
        <test-method signature="testRemoveItemFromCart()[pri:4, instance:com.saucedemo.tests.CartTest@70cf32e3]" started-at="2026-06-10T12:09:00 MSK" name="testRemoveItemFromCart" description="TC-CART-004: Удалить товар из корзины" finished-at="2026-06-10T12:09:00 MSK" duration-ms="464" status="PASS">
          <reporter-output>
          </reporter-output>
        </test-method> <!-- testRemoveItemFromCart -->
        <test-method is-config="true" signature="tearDown(org.testng.ITestResult)[pri:0, instance:com.saucedemo.tests.CartTest@70cf32e3]" started-at="2026-06-10T12:09:00 MSK" name="tearDown" finished-at="2026-06-10T12:09:00 MSK" duration-ms="101" status="PASS">
          <params>
            <param index="0">
              <value>
                <![CDATA[[TestResult name=testRemoveItemFromCart status=SUCCESS method=CartTest.testRemoveItemFromCart()[pri:4, instance:com.saucedemo.tests.CartTest@70cf32e3] output={null}]]]>
              </value>
            </param>
          </params>
          <reporter-output>
          </reporter-output>
        </test-method> <!-- tearDown -->
        <test-method is-config="true" signature="setUp(java.lang.String,java.lang.String)[pri:0, instance:com.saucedemo.tests.CartTest@70cf32e3]" started-at="2026-06-10T12:09:00 MSK" name="setUp" finished-at="2026-06-10T12:09:02 MSK" duration-ms="1316" status="PASS">
          <params>
            <param index="0">
              <value>
                <![CDATA[chrome]]>
              </value>
            </param>
            <param index="1">
              <value>
                <![CDATA[false]]>
              </value>
            </param>
          </params>
          <reporter-output>
          </reporter-output>
        </test-method> <!-- setUp -->
        <test-method signature="testCartEmptyAfterRemoveAll()[pri:5, instance:com.saucedemo.tests.CartTest@70cf32e3]" started-at="2026-06-10T12:09:02 MSK" name="testCartEmptyAfterRemoveAll" description="TC-CART-005: Корзина пуста после удаления всех товаров" finished-at="2026-06-10T12:09:22 MSK" duration-ms="20463" status="PASS">
          <reporter-output>
          </reporter-output>
        </test-method> <!-- testCartEmptyAfterRemoveAll -->
        <test-method is-config="true" signature="tearDown(org.testng.ITestResult)[pri:0, instance:com.saucedemo.tests.CartTest@70cf32e3]" started-at="2026-06-10T12:09:22 MSK" name="tearDown" finished-at="2026-06-10T12:09:22 MSK" duration-ms="115" status="PASS">
          <params>
            <param index="0">
              <value>
                <![CDATA[[TestResult name=testCartEmptyAfterRemoveAll status=SUCCESS method=CartTest.testCartEmptyAfterRemoveAll()[pri:5, instance:com.saucedemo.tests.CartTest@70cf32e3] output={null}]]]>
              </value>
            </param>
          </params>
          <reporter-output>
          </reporter-output>
        </test-method> <!-- tearDown -->
        <test-method is-config="true" signature="setUp(java.lang.String,java.lang.String)[pri:0, instance:com.saucedemo.tests.CartTest@70cf32e3]" started-at="2026-06-10T12:09:22 MSK" name="setUp" finished-at="2026-06-10T12:09:23 MSK" duration-ms="1337" status="PASS">
          <params>
            <param index="0">
              <value>
                <![CDATA[chrome]]>
              </value>
            </param>
            <param index="1">
              <value>
                <![CDATA[false]]>
              </value>
            </param>
          </params>
          <reporter-output>
          </reporter-output>
        </test-method> <!-- setUp -->
        <test-method signature="testContinueShopping()[pri:6, instance:com.saucedemo.tests.CartTest@70cf32e3]" started-at="2026-06-10T12:09:23 MSK" name="testContinueShopping" description="TC-CART-006: Кнопка Continue Shopping → каталог" finished-at="2026-06-10T12:09:24 MSK" duration-ms="355" status="PASS">
          <reporter-output>
          </reporter-output>
        </test-method> <!-- testContinueShopping -->
        <test-method is-config="true" signature="tearDown(org.testng.ITestResult)[pri:0, instance:com.saucedemo.tests.CartTest@70cf32e3]" started-at="2026-06-10T12:09:24 MSK" name="tearDown" finished-at="2026-06-10T12:09:24 MSK" duration-ms="73" status="PASS">
          <params>
            <param index="0">
              <value>
                <![CDATA[[TestResult name=testContinueShopping status=SUCCESS method=CartTest.testContinueShopping()[pri:6, instance:com.saucedemo.tests.CartTest@70cf32e3] output={null}]]]>
              </value>
            </param>
          </params>
          <reporter-output>
          </reporter-output>
        </test-method> <!-- tearDown -->
        <test-method is-config="true" signature="setUp(java.lang.String,java.lang.String)[pri:0, instance:com.saucedemo.tests.CartTest@70cf32e3]" started-at="2026-06-10T12:09:24 MSK" name="setUp" finished-at="2026-06-10T12:09:26 MSK" duration-ms="2035" status="PASS">
          <params>
            <param index="0">
              <value>
                <![CDATA[chrome]]>
              </value>
            </param>
            <param index="1">
              <value>
                <![CDATA[false]]>
              </value>
            </param>
          </params>
          <reporter-output>
          </reporter-output>
        </test-method> <!-- setUp -->
        <test-method signature="testCheckoutButtonNavigation()[pri:7, instance:com.saucedemo.tests.CartTest@70cf32e3]" started-at="2026-06-10T12:09:26 MSK" name="testCheckoutButtonNavigation" description="TC-CART-007: Кнопка Checkout открывает оформление заказа" finished-at="2026-06-10T12:09:26 MSK" duration-ms="418" status="PASS">
          <reporter-output>
          </reporter-output>
        </test-method> <!-- testCheckoutButtonNavigation -->
        <test-method is-config="true" signature="tearDown(org.testng.ITestResult)[pri:0, instance:com.saucedemo.tests.CartTest@70cf32e3]" started-at="2026-06-10T12:09:26 MSK" name="tearDown" finished-at="2026-06-10T12:09:26 MSK" duration-ms="104" status="PASS">
          <params>
            <param index="0">
              <value>
                <![CDATA[[TestResult name=testCheckoutButtonNavigation status=SUCCESS method=CartTest.testCheckoutButtonNavigation()[pri:7, instance:com.saucedemo.tests.CartTest@70cf32e3] output={null}]]]>
              </value>
            </param>
          </params>
          <reporter-output>
          </reporter-output>
        </test-method> <!-- tearDown -->
      </class> <!-- com.saucedemo.tests.CartTest -->
    </test> <!-- Cart Tests -->
    <test started-at="2026-06-10T12:09:26 MSK" name="Checkout Tests" finished-at="2026-06-10T12:09:41 MSK" duration-ms="14924">
      <class name="com.saucedemo.tests.CheckoutTest">
        <test-method is-config="true" signature="initSuite()[pri:0, instance:com.saucedemo.tests.CheckoutTest@7d900ecf]" started-at="2026-06-10T12:08:14 MSK" name="initSuite" finished-at="2026-06-10T12:08:15 MSK" duration-ms="159" status="PASS">
          <reporter-output>
          </reporter-output>
        </test-method> <!-- initSuite -->
        <test-method is-config="true" signature="setUp(java.lang.String,java.lang.String)[pri:0, instance:com.saucedemo.tests.CheckoutTest@7d900ecf]" started-at="2026-06-10T12:09:26 MSK" name="setUp" finished-at="2026-06-10T12:09:29 MSK" duration-ms="2302" status="PASS">
          <params>
            <param index="0">
              <value>
                <![CDATA[chrome]]>
              </value>
            </param>
            <param index="1">
              <value>
                <![CDATA[false]]>
              </value>
            </param>
          </params>
          <reporter-output>
          </reporter-output>
        </test-method> <!-- setUp -->
        <test-method signature="testFullCheckoutFlow()[pri:1, instance:com.saucedemo.tests.CheckoutTest@7d900ecf]" started-at="2026-06-10T12:09:29 MSK" name="testFullCheckoutFlow" description="TC-CHK-001: Полный цикл — от входа до подтверждения" finished-at="2026-06-10T12:09:30 MSK" duration-ms="750" status="PASS">
          <reporter-output>
          </reporter-output>
        </test-method> <!-- testFullCheckoutFlow -->
        <test-method is-config="true" signature="tearDown(org.testng.ITestResult)[pri:0, instance:com.saucedemo.tests.CheckoutTest@7d900ecf]" started-at="2026-06-10T12:09:30 MSK" name="tearDown" finished-at="2026-06-10T12:09:30 MSK" duration-ms="102" status="PASS">
          <params>
            <param index="0">
              <value>
                <![CDATA[[TestResult name=testFullCheckoutFlow status=SUCCESS method=CheckoutTest.testFullCheckoutFlow()[pri:1, instance:com.saucedemo.tests.CheckoutTest@7d900ecf] output={null}]]]>
              </value>
            </param>
          </params>
          <reporter-output>
          </reporter-output>
        </test-method> <!-- tearDown -->
        <test-method is-config="true" signature="setUp(java.lang.String,java.lang.String)[pri:0, instance:com.saucedemo.tests.CheckoutTest@7d900ecf]" started-at="2026-06-10T12:09:30 MSK" name="setUp" finished-at="2026-06-10T12:09:31 MSK" duration-ms="1280" status="PASS">
          <params>
            <param index="0">
              <value>
                <![CDATA[chrome]]>
              </value>
            </param>
            <param index="1">
              <value>
                <![CDATA[false]]>
              </value>
            </param>
          </params>
          <reporter-output>
          </reporter-output>
        </test-method> <!-- setUp -->
        <test-method signature="testCheckoutEmptyFirstName()[pri:2, instance:com.saucedemo.tests.CheckoutTest@7d900ecf]" started-at="2026-06-10T12:09:31 MSK" name="testCheckoutEmptyFirstName" description="TC-CHK-002: Пустое поле First Name — ошибка валидации" finished-at="2026-06-10T12:09:32 MSK" duration-ms="607" status="PASS">
          <reporter-output>
          </reporter-output>
        </test-method> <!-- testCheckoutEmptyFirstName -->
        <test-method is-config="true" signature="tearDown(org.testng.ITestResult)[pri:0, instance:com.saucedemo.tests.CheckoutTest@7d900ecf]" started-at="2026-06-10T12:09:32 MSK" name="tearDown" finished-at="2026-06-10T12:09:32 MSK" duration-ms="100" status="PASS">
          <params>
            <param index="0">
              <value>
                <![CDATA[[TestResult name=testCheckoutEmptyFirstName status=SUCCESS method=CheckoutTest.testCheckoutEmptyFirstName()[pri:2, instance:com.saucedemo.tests.CheckoutTest@7d900ecf] output={null}]]]>
              </value>
            </param>
          </params>
          <reporter-output>
          </reporter-output>
        </test-method> <!-- tearDown -->
        <test-method is-config="true" signature="setUp(java.lang.String,java.lang.String)[pri:0, instance:com.saucedemo.tests.CheckoutTest@7d900ecf]" started-at="2026-06-10T12:09:32 MSK" name="setUp" finished-at="2026-06-10T12:09:33 MSK" duration-ms="1295" status="PASS">
          <params>
            <param index="0">
              <value>
                <![CDATA[chrome]]>
              </value>
            </param>
            <param index="1">
              <value>
                <![CDATA[false]]>
              </value>
            </param>
          </params>
          <reporter-output>
          </reporter-output>
        </test-method> <!-- setUp -->
        <test-method signature="testCheckoutEmptyLastName()[pri:3, instance:com.saucedemo.tests.CheckoutTest@7d900ecf]" started-at="2026-06-10T12:09:33 MSK" name="testCheckoutEmptyLastName" description="TC-CHK-003: Пустое поле Last Name — ошибка валидации" finished-at="2026-06-10T12:09:34 MSK" duration-ms="641" status="PASS">
          <reporter-output>
          </reporter-output>
        </test-method> <!-- testCheckoutEmptyLastName -->
        <test-method is-config="true" signature="tearDown(org.testng.ITestResult)[pri:0, instance:com.saucedemo.tests.CheckoutTest@7d900ecf]" started-at="2026-06-10T12:09:34 MSK" name="tearDown" finished-at="2026-06-10T12:09:34 MSK" duration-ms="109" status="PASS">
          <params>
            <param index="0">
              <value>
                <![CDATA[[TestResult name=testCheckoutEmptyLastName status=SUCCESS method=CheckoutTest.testCheckoutEmptyLastName()[pri:3, instance:com.saucedemo.tests.CheckoutTest@7d900ecf] output={null}]]]>
              </value>
            </param>
          </params>
          <reporter-output>
          </reporter-output>
        </test-method> <!-- tearDown -->
        <test-method is-config="true" signature="setUp(java.lang.String,java.lang.String)[pri:0, instance:com.saucedemo.tests.CheckoutTest@7d900ecf]" started-at="2026-06-10T12:09:34 MSK" name="setUp" finished-at="2026-06-10T12:09:35 MSK" duration-ms="1294" status="PASS">
          <params>
            <param index="0">
              <value>
                <![CDATA[chrome]]>
              </value>
            </param>
            <param index="1">
              <value>
                <![CDATA[false]]>
              </value>
            </param>
          </params>
          <reporter-output>
          </reporter-output>
        </test-method> <!-- setUp -->
        <test-method signature="testCheckoutEmptyZip()[pri:4, instance:com.saucedemo.tests.CheckoutTest@7d900ecf]" started-at="2026-06-10T12:09:35 MSK" name="testCheckoutEmptyZip" description="TC-CHK-004: Пустое поле Postal Code — ошибка валидации" finished-at="2026-06-10T12:09:36 MSK" duration-ms="576" status="PASS">
          <reporter-output>
          </reporter-output>
        </test-method> <!-- testCheckoutEmptyZip -->
        <test-method is-config="true" signature="tearDown(org.testng.ITestResult)[pri:0, instance:com.saucedemo.tests.CheckoutTest@7d900ecf]" started-at="2026-06-10T12:09:36 MSK" name="tearDown" finished-at="2026-06-10T12:09:36 MSK" duration-ms="113" status="PASS">
          <params>
            <param index="0">
              <value>
                <![CDATA[[TestResult name=testCheckoutEmptyZip status=SUCCESS method=CheckoutTest.testCheckoutEmptyZip()[pri:4, instance:com.saucedemo.tests.CheckoutTest@7d900ecf] output={null}]]]>
              </value>
            </param>
          </params>
          <reporter-output>
          </reporter-output>
        </test-method> <!-- tearDown -->
        <test-method is-config="true" signature="setUp(java.lang.String,java.lang.String)[pri:0, instance:com.saucedemo.tests.CheckoutTest@7d900ecf]" started-at="2026-06-10T12:09:36 MSK" name="setUp" finished-at="2026-06-10T12:09:37 MSK" duration-ms="1315" status="PASS">
          <params>
            <param index="0">
              <value>
                <![CDATA[chrome]]>
              </value>
            </param>
            <param index="1">
              <value>
                <![CDATA[false]]>
              </value>
            </param>
          </params>
          <reporter-output>
          </reporter-output>
        </test-method> <!-- setUp -->
        <test-method signature="testCheckoutAllFieldsEmpty()[pri:5, instance:com.saucedemo.tests.CheckoutTest@7d900ecf]" started-at="2026-06-10T12:09:37 MSK" name="testCheckoutAllFieldsEmpty" description="TC-CHK-005: Все поля пустые — ошибка валидации" finished-at="2026-06-10T12:09:37 MSK" duration-ms="469" status="PASS">
          <reporter-output>
          </reporter-output>
        </test-method> <!-- testCheckoutAllFieldsEmpty -->
        <test-method is-config="true" signature="tearDown(org.testng.ITestResult)[pri:0, instance:com.saucedemo.tests.CheckoutTest@7d900ecf]" started-at="2026-06-10T12:09:37 MSK" name="tearDown" finished-at="2026-06-10T12:09:38 MSK" duration-ms="110" status="PASS">
          <params>
            <param index="0">
              <value>
                <![CDATA[[TestResult name=testCheckoutAllFieldsEmpty status=SUCCESS method=CheckoutTest.testCheckoutAllFieldsEmpty()[pri:5, instance:com.saucedemo.tests.CheckoutTest@7d900ecf] output={null}]]]>
              </value>
            </param>
          </params>
          <reporter-output>
          </reporter-output>
        </test-method> <!-- tearDown -->
        <test-method is-config="true" signature="setUp(java.lang.String,java.lang.String)[pri:0, instance:com.saucedemo.tests.CheckoutTest@7d900ecf]" started-at="2026-06-10T12:09:38 MSK" name="setUp" finished-at="2026-06-10T12:09:39 MSK" duration-ms="1246" status="PASS">
          <params>
            <param index="0">
              <value>
                <![CDATA[chrome]]>
              </value>
            </param>
            <param index="1">
              <value>
                <![CDATA[false]]>
              </value>
            </param>
          </params>
          <reporter-output>
          </reporter-output>
        </test-method> <!-- setUp -->
        <test-method signature="testCheckoutSummaryData()[pri:6, instance:com.saucedemo.tests.CheckoutTest@7d900ecf]" started-at="2026-06-10T12:09:39 MSK" name="testCheckoutSummaryData" description="TC-CHK-006: Обзор заказа — проверка данных" finished-at="2026-06-10T12:09:39 MSK" duration-ms="686" status="PASS">
          <reporter-output>
          </reporter-output>
        </test-method> <!-- testCheckoutSummaryData -->
        <test-method is-config="true" signature="tearDown(org.testng.ITestResult)[pri:0, instance:com.saucedemo.tests.CheckoutTest@7d900ecf]" started-at="2026-06-10T12:09:39 MSK" name="tearDown" finished-at="2026-06-10T12:09:40 MSK" duration-ms="99" status="PASS">
          <params>
            <param index="0">
              <value>
                <![CDATA[[TestResult name=testCheckoutSummaryData status=SUCCESS method=CheckoutTest.testCheckoutSummaryData()[pri:6, instance:com.saucedemo.tests.CheckoutTest@7d900ecf] output={null}]]]>
              </value>
            </param>
          </params>
          <reporter-output>
          </reporter-output>
        </test-method> <!-- tearDown -->
        <test-method is-config="true" signature="setUp(java.lang.String,java.lang.String)[pri:0, instance:com.saucedemo.tests.CheckoutTest@7d900ecf]" started-at="2026-06-10T12:09:40 MSK" name="setUp" finished-at="2026-06-10T12:09:41 MSK" duration-ms="1267" status="PASS">
          <params>
            <param index="0">
              <value>
                <![CDATA[chrome]]>
              </value>
            </param>
            <param index="1">
              <value>
                <![CDATA[false]]>
              </value>
            </param>
          </params>
          <reporter-output>
          </reporter-output>
        </test-method> <!-- setUp -->
        <test-method signature="testCheckoutCancelOnStep1()[pri:7, instance:com.saucedemo.tests.CheckoutTest@7d900ecf]" started-at="2026-06-10T12:09:41 MSK" name="testCheckoutCancelOnStep1" description="TC-CHK-007: Cancel на шаге 1 — возврат в корзину" finished-at="2026-06-10T12:09:41 MSK" duration-ms="447" status="PASS">
          <reporter-output>
          </reporter-output>
        </test-method> <!-- testCheckoutCancelOnStep1 -->
        <test-method is-config="true" signature="tearDown(org.testng.ITestResult)[pri:0, instance:com.saucedemo.tests.CheckoutTest@7d900ecf]" started-at="2026-06-10T12:09:41 MSK" name="tearDown" finished-at="2026-06-10T12:09:41 MSK" duration-ms="106" status="PASS">
          <params>
            <param index="0">
              <value>
                <![CDATA[[TestResult name=testCheckoutCancelOnStep1 status=SUCCESS method=CheckoutTest.testCheckoutCancelOnStep1()[pri:7, instance:com.saucedemo.tests.CheckoutTest@7d900ecf] output={null}]]]>
              </value>
            </param>
          </params>
          <reporter-output>
          </reporter-output>
        </test-method> <!-- tearDown -->
        <test-method is-config="true" signature="finishSuite()[pri:0, instance:com.saucedemo.tests.CheckoutTest@7d900ecf]" started-at="2026-06-10T12:09:41 MSK" name="finishSuite" finished-at="2026-06-10T12:09:42 MSK" duration-ms="173" status="PASS">
          <reporter-output>
          </reporter-output>
        </test-method> <!-- finishSuite -->
      </class> <!-- com.saucedemo.tests.CheckoutTest -->
    </test> <!-- Checkout Tests -->
  </suite> <!-- SauceDemo Test Suite -->
</testng-results>
