<?xml version="1.0" encoding="UTF-8"?>
<testsuite xmlns:xsi="http://www.w3.org/2001/XMLSchema-instance" xsi:noNamespaceSchemaLocation="https://maven.apache.org/surefire/maven-surefire-plugin/xsd/surefire-test-report-3.0.xsd" version="3.0" name="TestSuite" time="87.559" tests="29" errors="0" skipped="0" failures="0">
  <properties>
[...]
</properties>
  <testcase name="testLoginStandardUser" classname="com.saucedemo.tests.LoginTest" time="0.295">
    <system-out><![CDATA[
🚀 Запуск тестового набора SauceDemo
  ▶ Открыть saucedemo.com
  ▶ Ввести логин: standard_user
  ▶ Ввести пароль: secret_sauce
  ▶ Нажать Login
  ✅ Вход выполнен. Страница каталога открыта. Товаров: 6
]]></system-out>
    <system-err><![CDATA[SLF4J(W): No SLF4J providers were found.
SLF4J(W): Defaulting to no-operation (NOP) logger implementation
SLF4J(W): See https://www.slf4j.org/codes.html#noProviders for further details.
июн. 10, 2026 12:08:15 PM org.openqa.selenium.devtools.CdpVersionFinder findNearestMatch
WARNING: Unable to find CDP implementation matching 149
июн. 10, 2026 12:08:15 PM org.openqa.selenium.chromium.ChromiumDriver lambda$new$5
WARNING: Unable to find version of CDP to use for 149.0.7827.102. You may need to include a dependency on a specific version of the CDP using something similar to `org.seleniumhq.selenium:selenium-devtools-v86:4.18.1` where the version ("v86") matches the version of the chromium-based browser you're using and the version number of the artifact is the same as Selenium's.
]]></system-err>
  </testcase>
  <testcase name="testLoginLockedOutUser" classname="com.saucedemo.tests.LoginTest" time="0.285">
    <system-out><![CDATA[  ▶ Ввести логин: locked_out_user
  ▶ Ввести пароль: secret_sauce
  ▶ Нажать Login — ожидаем ошибку блокировки
  ✅ Заблокированный пользователь не вошёл. Ошибка: 'Epic sadface: Sorry, this user has been locked out.'
]]></system-out>
    <system-err><![CDATA[июн. 10, 2026 12:08:17 PM org.openqa.selenium.devtools.CdpVersionFinder findNearestMatch
WARNING: Unable to find CDP implementation matching 149
июн. 10, 2026 12:08:17 PM org.openqa.selenium.chromium.ChromiumDriver lambda$new$5
WARNING: Unable to find version of CDP to use for 149.0.7827.102. You may need to include a dependency on a specific version of the CDP using something similar to `org.seleniumhq.selenium:selenium-devtools-v86:4.18.1` where the version ("v86") matches the version of the chromium-based browser you're using and the version number of the artifact is the same as Selenium's.
]]></system-err>
  </testcase>
  <testcase name="testLoginPerformanceUser" classname="com.saucedemo.tests.LoginTest" time="5.243">
    <system-out><![CDATA[  ▶ Ввести логин: performance_glitch_user
  ▶ Ввести пароль: secret_sauce
  ▶ Нажать Login — страница загрузится с задержкой
  ▶ Время загрузки: 5223 мс
  ▶ ⚠ Замечено замедление: 5223 мс (ожидаемое поведение для этой роли)
  ✅ performance_glitch_user вошёл. Время: 5223 мс
]]></system-out>
    <system-err><![CDATA[июн. 10, 2026 12:08:19 PM org.openqa.selenium.devtools.CdpVersionFinder findNearestMatch
WARNING: Unable to find CDP implementation matching 149
июн. 10, 2026 12:08:19 PM org.openqa.selenium.chromium.ChromiumDriver lambda$new$5
WARNING: Unable to find version of CDP to use for 149.0.7827.102. You may need to include a dependency on a specific version of the CDP using something similar to `org.seleniumhq.selenium:selenium-devtools-v86:4.18.1` where the version ("v86") matches the version of the chromium-based browser you're using and the version number of the artifact is the same as Selenium's.
]]></system-err>
  </testcase>
  <testcase name="testLoginEmptyUsername" classname="com.saucedemo.tests.LoginTest" time="0.205">
    <system-out><![CDATA[  ▶ Оставить поле Username пустым
  ▶ Ввести пароль: secret_sauce
  ▶ Нажать Login
  ✅ Валидация сработала. Ошибка: 'Epic sadface: Username is required'
]]></system-out>
    <system-err><![CDATA[июн. 10, 2026 12:08:25 PM org.openqa.selenium.devtools.CdpVersionFinder findNearestMatch
WARNING: Unable to find CDP implementation matching 149
июн. 10, 2026 12:08:25 PM org.openqa.selenium.chromium.ChromiumDriver lambda$new$5
WARNING: Unable to find version of CDP to use for 149.0.7827.102. You may need to include a dependency on a specific version of the CDP using something similar to `org.seleniumhq.selenium:selenium-devtools-v86:4.18.1` where the version ("v86") matches the version of the chromium-based browser you're using and the version number of the artifact is the same as Selenium's.
]]></system-err>
  </testcase>
  <testcase name="testLoginEmptyPassword" classname="com.saucedemo.tests.LoginTest" time="0.229">
    <system-out><![CDATA[  ▶ Ввести логин: standard_user
  ▶ Оставить поле Password пустым
  ▶ Нажать Login
  ✅ Валидация сработала. Ошибка: 'Epic sadface: Password is required'
]]></system-out>
    <system-err><![CDATA[июн. 10, 2026 12:08:27 PM org.openqa.selenium.devtools.CdpVersionFinder findNearestMatch
WARNING: Unable to find CDP implementation matching 149
июн. 10, 2026 12:08:27 PM org.openqa.selenium.chromium.ChromiumDriver lambda$new$5
WARNING: Unable to find version of CDP to use for 149.0.7827.102. You may need to include a dependency on a specific version of the CDP using something similar to `org.seleniumhq.selenium:selenium-devtools-v86:4.18.1` where the version ("v86") matches the version of the chromium-based browser you're using and the version number of the artifact is the same as Selenium's.
]]></system-err>
  </testcase>
  <testcase name="testLoginBothFieldsEmpty" classname="com.saucedemo.tests.LoginTest" time="0.201">
    <system-out><![CDATA[  ▶ Оставить оба поля пустыми
  ▶ Нажать Login
  ✅ Форма не отправлена. Ошибка: 'Epic sadface: Username is required'
]]></system-out>
    <system-err><![CDATA[июн. 10, 2026 12:08:29 PM org.openqa.selenium.devtools.CdpVersionFinder findNearestMatch
WARNING: Unable to find CDP implementation matching 149
июн. 10, 2026 12:08:29 PM org.openqa.selenium.chromium.ChromiumDriver lambda$new$5
WARNING: Unable to find version of CDP to use for 149.0.7827.102. You may need to include a dependency on a specific version of the CDP using something similar to `org.seleniumhq.selenium:selenium-devtools-v86:4.18.1` where the version ("v86") matches the version of the chromium-based browser you're using and the version number of the artifact is the same as Selenium's.
]]></system-err>
  </testcase>
  <testcase name="testLoginWrongUsername" classname="com.saucedemo.tests.LoginTest" time="0.24">
    <system-out><![CDATA[  ▶ Ввести несуществующий логин: wrong_user
  ▶ Ввести пароль: secret_sauce
  ▶ Нажать Login
  ✅ Вход отклонён. Ошибка: 'Epic sadface: Username and password do not match any user in this service'
]]></system-out>
    <system-err><![CDATA[июн. 10, 2026 12:08:30 PM org.openqa.selenium.devtools.CdpVersionFinder findNearestMatch
WARNING: Unable to find CDP implementation matching 149
июн. 10, 2026 12:08:30 PM org.openqa.selenium.chromium.ChromiumDriver lambda$new$5
WARNING: Unable to find version of CDP to use for 149.0.7827.102. You may need to include a dependency on a specific version of the CDP using something similar to `org.seleniumhq.selenium:selenium-devtools-v86:4.18.1` where the version ("v86") matches the version of the chromium-based browser you're using and the version number of the artifact is the same as Selenium's.
]]></system-err>
  </testcase>
  <testcase name="testLoginWrongPassword" classname="com.saucedemo.tests.LoginTest" time="0.224">
    <system-out><![CDATA[  ▶ Ввести логин: standard_user
  ▶ Ввести неверный пароль: wrong_password
  ▶ Нажать Login
  ✅ Вход отклонён. Ошибка: 'Epic sadface: Username and password do not match any user in this service'
]]></system-out>
    <system-err><![CDATA[июн. 10, 2026 12:08:32 PM org.openqa.selenium.devtools.CdpVersionFinder findNearestMatch
WARNING: Unable to find CDP implementation matching 149
июн. 10, 2026 12:08:32 PM org.openqa.selenium.chromium.ChromiumDriver lambda$new$5
WARNING: Unable to find version of CDP to use for 149.0.7827.102. You may need to include a dependency on a specific version of the CDP using something similar to `org.seleniumhq.selenium:selenium-devtools-v86:4.18.1` where the version ("v86") matches the version of the chromium-based browser you're using and the version number of the artifact is the same as Selenium's.
]]></system-err>
  </testcase>
  <testcase name="testLogout" classname="com.saucedemo.tests.LoginTest" time="3.88">
    <system-out><![CDATA[  ▶ Войти как standard_user
  ▶ Вход выполнен. URL: https://www.saucedemo.com/inventory.html
  ▶ Нажать меню → Logout
  ✅ Выход выполнен. Страница входа отображается.
  ✅ URL корректный после выхода: https://www.saucedemo.com/
]]></system-out>
    <system-err><![CDATA[июн. 10, 2026 12:08:34 PM org.openqa.selenium.devtools.CdpVersionFinder findNearestMatch
WARNING: Unable to find CDP implementation matching 149
июн. 10, 2026 12:08:34 PM org.openqa.selenium.chromium.ChromiumDriver lambda$new$5
WARNING: Unable to find version of CDP to use for 149.0.7827.102. You may need to include a dependency on a specific version of the CDP using something similar to `org.seleniumhq.selenium:selenium-devtools-v86:4.18.1` where the version ("v86") matches the version of the chromium-based browser you're using and the version number of the artifact is the same as Selenium's.
]]></system-err>
  </testcase>
  <testcase name="testAllUsersLogin[standard_user, true, standard_user — должен войти](1)" classname="com.saucedemo.tests.LoginTest" time="0.222">
    <system-out><![CDATA[  ▶ Логин: standard_user | Пароль: secret_sauce
  ▶ Ожидается: успешный вход
  ✅ [standard_user] успешно вошёл → standard_user — должен войти
]]></system-out>
    <system-err><![CDATA[июн. 10, 2026 12:08:39 PM org.openqa.selenium.devtools.CdpVersionFinder findNearestMatch
WARNING: Unable to find CDP implementation matching 149
июн. 10, 2026 12:08:39 PM org.openqa.selenium.chromium.ChromiumDriver lambda$new$5
WARNING: Unable to find version of CDP to use for 149.0.7827.102. You may need to include a dependency on a specific version of the CDP using something similar to `org.seleniumhq.selenium:selenium-devtools-v86:4.18.1` where the version ("v86") matches the version of the chromium-based browser you're using and the version number of the artifact is the same as Selenium's.
]]></system-err>
  </testcase>
  <testcase name="testAllUsersLogin[locked_out_user, false, locked_out_user — должен быть отказ](2)" classname="com.saucedemo.tests.LoginTest" time="0.196">
    <system-out><![CDATA[  ▶ Логин: locked_out_user | Пароль: secret_sauce
  ▶ Ожидается: отказ
  ✅ [locked_out_user] правильно заблокирован → locked_out_user — должен быть отказ
]]></system-out>
    <system-err><![CDATA[июн. 10, 2026 12:08:41 PM org.openqa.selenium.devtools.CdpVersionFinder findNearestMatch
WARNING: Unable to find CDP implementation matching 149
июн. 10, 2026 12:08:41 PM org.openqa.selenium.chromium.ChromiumDriver lambda$new$5
WARNING: Unable to find version of CDP to use for 149.0.7827.102. You may need to include a dependency on a specific version of the CDP using something similar to `org.seleniumhq.selenium:selenium-devtools-v86:4.18.1` where the version ("v86") matches the version of the chromium-based browser you're using and the version number of the artifact is the same as Selenium's.
]]></system-err>
  </testcase>
  <testcase name="testAllUsersLogin[problem_user, true, problem_user — должен войти](3)" classname="com.saucedemo.tests.LoginTest" time="0.232">
    <system-out><![CDATA[  ▶ Логин: problem_user | Пароль: secret_sauce
  ▶ Ожидается: успешный вход
  ✅ [problem_user] успешно вошёл → problem_user — должен войти
]]></system-out>
    <system-err><![CDATA[июн. 10, 2026 12:08:42 PM org.openqa.selenium.devtools.CdpVersionFinder findNearestMatch
WARNING: Unable to find CDP implementation matching 149
июн. 10, 2026 12:08:42 PM org.openqa.selenium.chromium.ChromiumDriver lambda$new$5
WARNING: Unable to find version of CDP to use for 149.0.7827.102. You may need to include a dependency on a specific version of the CDP using something similar to `org.seleniumhq.selenium:selenium-devtools-v86:4.18.1` where the version ("v86") matches the version of the chromium-based browser you're using and the version number of the artifact is the same as Selenium's.
]]></system-err>
  </testcase>
  <testcase name="testAllUsersLogin[performance_glitch_user, true, performance_glitch_user — должен войти](4)" classname="com.saucedemo.tests.LoginTest" time="5.235">
    <system-out><![CDATA[  ▶ Логин: performance_glitch_user | Пароль: secret_sauce
  ▶ Ожидается: успешный вход
  ✅ [performance_glitch_user] успешно вошёл → performance_glitch_user — должен войти
]]></system-out>
    <system-err><![CDATA[июн. 10, 2026 12:08:44 PM org.openqa.selenium.devtools.CdpVersionFinder findNearestMatch
WARNING: Unable to find CDP implementation matching 149
июн. 10, 2026 12:08:44 PM org.openqa.selenium.chromium.ChromiumDriver lambda$new$5
WARNING: Unable to find version of CDP to use for 149.0.7827.102. You may need to include a dependency on a specific version of the CDP using something similar to `org.seleniumhq.selenium:selenium-devtools-v86:4.18.1` where the version ("v86") matches the version of the chromium-based browser you're using and the version number of the artifact is the same as Selenium's.
]]></system-err>
  </testcase>
  <testcase name="testAllUsersLogin[error_user, true, error_user — должен войти](5)" classname="com.saucedemo.tests.LoginTest" time="0.232">
    <system-out><![CDATA[  ▶ Логин: error_user | Пароль: secret_sauce
  ▶ Ожидается: успешный вход
  ✅ [error_user] успешно вошёл → error_user — должен войти
]]></system-out>
    <system-err><![CDATA[июн. 10, 2026 12:08:50 PM org.openqa.selenium.devtools.CdpVersionFinder findNearestMatch
WARNING: Unable to find CDP implementation matching 149
июн. 10, 2026 12:08:50 PM org.openqa.selenium.chromium.ChromiumDriver lambda$new$5
WARNING: Unable to find version of CDP to use for 149.0.7827.102. You may need to include a dependency on a specific version of the CDP using something similar to `org.seleniumhq.selenium:selenium-devtools-v86:4.18.1` where the version ("v86") matches the version of the chromium-based browser you're using and the version number of the artifact is the same as Selenium's.
]]></system-err>
  </testcase>
  <testcase name="testAllUsersLogin[visual_user, true, visual_user — должен войти](6)" classname="com.saucedemo.tests.LoginTest" time="0.233">
    <system-out><![CDATA[  ▶ Логин: visual_user | Пароль: secret_sauce
  ▶ Ожидается: успешный вход
  ✅ [visual_user] успешно вошёл → visual_user — должен войти
]]></system-out>
    <system-err><![CDATA[июн. 10, 2026 12:08:52 PM org.openqa.selenium.devtools.CdpVersionFinder findNearestMatch
WARNING: Unable to find CDP implementation matching 149
июн. 10, 2026 12:08:52 PM org.openqa.selenium.chromium.ChromiumDriver lambda$new$5
WARNING: Unable to find version of CDP to use for 149.0.7827.102. You may need to include a dependency on a specific version of the CDP using something similar to `org.seleniumhq.selenium:selenium-devtools-v86:4.18.1` where the version ("v86") matches the version of the chromium-based browser you're using and the version number of the artifact is the same as Selenium's.
]]></system-err>
  </testcase>
  <testcase name="testAddOneItemToCart" classname="com.saucedemo.tests.CartTest" time="0.286">
    <system-out><![CDATA[  ▶ Войти как standard_user
  ▶ Добавить первый товар в корзину
  ✅ Товар добавлен. Счётчик корзины: 1
]]></system-out>
    <system-err><![CDATA[июн. 10, 2026 12:08:54 PM org.openqa.selenium.devtools.CdpVersionFinder findNearestMatch
WARNING: Unable to find CDP implementation matching 149
июн. 10, 2026 12:08:54 PM org.openqa.selenium.chromium.ChromiumDriver lambda$new$5
WARNING: Unable to find version of CDP to use for 149.0.7827.102. You may need to include a dependency on a specific version of the CDP using something similar to `org.seleniumhq.selenium:selenium-devtools-v86:4.18.1` where the version ("v86") matches the version of the chromium-based browser you're using and the version number of the artifact is the same as Selenium's.
]]></system-err>
  </testcase>
  <testcase name="testAddMultipleItemsToCart" classname="com.saucedemo.tests.CartTest" time="0.358">
    <system-out><![CDATA[  ▶ Войти как standard_user
  ▶ Добавить 3 товара по очереди
  ✅ 3 товара добавлены. Счётчик корзины: 3
]]></system-out>
    <system-err><![CDATA[июн. 10, 2026 12:08:55 PM org.openqa.selenium.devtools.CdpVersionFinder findNearestMatch
WARNING: Unable to find CDP implementation matching 149
июн. 10, 2026 12:08:55 PM org.openqa.selenium.chromium.ChromiumDriver lambda$new$5
WARNING: Unable to find version of CDP to use for 149.0.7827.102. You may need to include a dependency on a specific version of the CDP using something similar to `org.seleniumhq.selenium:selenium-devtools-v86:4.18.1` where the version ("v86") matches the version of the chromium-based browser you're using and the version number of the artifact is the same as Selenium's.
]]></system-err>
  </testcase>
  <testcase name="testItemAppearsInCart" classname="com.saucedemo.tests.CartTest" time="0.4">
    <system-out><![CDATA[  ▶ Войти как standard_user
  ▶ Запомнить название первого товара
  ▶ Первый товар: Sauce Labs Backpack
  ▶ Добавить первый товар в корзину
  ▶ Перейти в корзину
  ✅ Товар 'Sauce Labs Backpack' отображается в корзине
]]></system-out>
    <system-err><![CDATA[июн. 10, 2026 12:08:57 PM org.openqa.selenium.devtools.CdpVersionFinder findNearestMatch
WARNING: Unable to find CDP implementation matching 149
июн. 10, 2026 12:08:57 PM org.openqa.selenium.chromium.ChromiumDriver lambda$new$5
WARNING: Unable to find version of CDP to use for 149.0.7827.102. You may need to include a dependency on a specific version of the CDP using something similar to `org.seleniumhq.selenium:selenium-devtools-v86:4.18.1` where the version ("v86") matches the version of the chromium-based browser you're using and the version number of the artifact is the same as Selenium's.
]]></system-err>
  </testcase>
  <testcase name="testRemoveItemFromCart" classname="com.saucedemo.tests.CartTest" time="0.465">
    <system-out><![CDATA[  ▶ Войти как standard_user
  ▶ Добавить 2 товара в корзину
  ▶ Перейти в корзину
  ▶ Удалить первый товар
  ✅ Товар удалён. В корзине осталось: 1
]]></system-out>
    <system-err><![CDATA[июн. 10, 2026 12:08:59 PM org.openqa.selenium.devtools.CdpVersionFinder findNearestMatch
WARNING: Unable to find CDP implementation matching 149
июн. 10, 2026 12:08:59 PM org.openqa.selenium.chromium.ChromiumDriver lambda$new$5
WARNING: Unable to find version of CDP to use for 149.0.7827.102. You may need to include a dependency on a specific version of the CDP using something similar to `org.seleniumhq.selenium:selenium-devtools-v86:4.18.1` where the version ("v86") matches the version of the chromium-based browser you're using and the version number of the artifact is the same as Selenium's.
]]></system-err>
  </testcase>
  <testcase name="testCartEmptyAfterRemoveAll" classname="com.saucedemo.tests.CartTest" time="20.462">
    <system-out><![CDATA[  ▶ Войти как standard_user
  ▶ Добавить 1 товар
  ▶ Перейти в корзину
  ▶ Удалить единственный товар
  ✅ Корзина пуста после удаления всех товаров
]]></system-out>
    <system-err><![CDATA[июн. 10, 2026 12:09:01 PM org.openqa.selenium.devtools.CdpVersionFinder findNearestMatch
WARNING: Unable to find CDP implementation matching 149
июн. 10, 2026 12:09:01 PM org.openqa.selenium.chromium.ChromiumDriver lambda$new$5
WARNING: Unable to find version of CDP to use for 149.0.7827.102. You may need to include a dependency on a specific version of the CDP using something similar to `org.seleniumhq.selenium:selenium-devtools-v86:4.18.1` where the version ("v86") matches the version of the chromium-based browser you're using and the version number of the artifact is the same as Selenium's.
]]></system-err>
  </testcase>
  <testcase name="testContinueShopping" classname="com.saucedemo.tests.CartTest" time="0.354">
    <system-out><![CDATA[  ▶ Войти как standard_user
  ▶ Перейти в корзину
  ▶ Нажать Continue Shopping
  ✅ Continue Shopping вернул в каталог. URL: https://www.saucedemo.com/inventory.html
]]></system-out>
    <system-err><![CDATA[июн. 10, 2026 12:09:22 PM org.openqa.selenium.devtools.CdpVersionFinder findNearestMatch
WARNING: Unable to find CDP implementation matching 149
июн. 10, 2026 12:09:22 PM org.openqa.selenium.chromium.ChromiumDriver lambda$new$5
WARNING: Unable to find version of CDP to use for 149.0.7827.102. You may need to include a dependency on a specific version of the CDP using something similar to `org.seleniumhq.selenium:selenium-devtools-v86:4.18.1` where the version ("v86") matches the version of the chromium-based browser you're using and the version number of the artifact is the same as Selenium's.
]]></system-err>
  </testcase>
  <testcase name="testCheckoutButtonNavigation" classname="com.saucedemo.tests.CartTest" time="0.418">
    <system-out><![CDATA[  ▶ Войти как standard_user
  ▶ Добавить товар в корзину
  ▶ Перейти в корзину
  ▶ Нажать Checkout
  ✅ Checkout открыл шаг 1 оформления. URL: https://www.saucedemo.com/checkout-step-one.html
]]></system-out>
    <system-err><![CDATA[июн. 10, 2026 12:09:24 PM org.openqa.selenium.devtools.CdpVersionFinder findNearestMatch
WARNING: Unable to find CDP implementation matching 149
июн. 10, 2026 12:09:24 PM org.openqa.selenium.chromium.ChromiumDriver lambda$new$5
WARNING: Unable to find version of CDP to use for 149.0.7827.102. You may need to include a dependency on a specific version of the CDP using something similar to `org.seleniumhq.selenium:selenium-devtools-v86:4.18.1` where the version ("v86") matches the version of the chromium-based browser you're using and the version number of the artifact is the same as Selenium's.
]]></system-err>
  </testcase>
  <testcase name="testFullCheckoutFlow" classname="com.saucedemo.tests.CheckoutTest" time="0.751">
    <system-out><![CDATA[  ▶ Войти как standard_user
  ▶ Добавить 2 товара в корзину
  ✅ 2 товара добавлены. Счётчик: 2
  ▶ Перейти в корзину
  ✅ В корзине 2 товара
  ▶ Нажать Checkout
  ✅ Шаг 1: форма данных покупателя
  ▶ Заполнить: Dmitry Revunov, индекс: 190000
  ✅ Шаг 2: обзор заказа открыт
  ▶ Итоговая сумма: Total: $49.66
  ✅ Обзор заказа корректен. Итого: Total: $49.66
  ▶ Нажать Finish для подтверждения заказа
  ✅ Заказ оформлен! Заголовок: 'Thank you for your order!'
]]></system-out>
    <system-err><![CDATA[июн. 10, 2026 12:09:27 PM org.openqa.selenium.devtools.CdpVersionFinder findNearestMatch
WARNING: Unable to find CDP implementation matching 149
июн. 10, 2026 12:09:27 PM org.openqa.selenium.chromium.ChromiumDriver lambda$new$5
WARNING: Unable to find version of CDP to use for 149.0.7827.102. You may need to include a dependency on a specific version of the CDP using something similar to `org.seleniumhq.selenium:selenium-devtools-v86:4.18.1` where the version ("v86") matches the version of the chromium-based browser you're using and the version number of the artifact is the same as Selenium's.
]]></system-err>
  </testcase>
  <testcase name="testCheckoutEmptyFirstName" classname="com.saucedemo.tests.CheckoutTest" time="0.607">
    <system-out><![CDATA[  ▶ Войти, добавить товары, перейти к оформлению
  ▶ Оставить First Name пустым, заполнить остальные поля
  ✅ Валидация сработала. Ошибка: 'Error: First Name is required'
]]></system-out>
    <system-err><![CDATA[июн. 10, 2026 12:09:30 PM org.openqa.selenium.devtools.CdpVersionFinder findNearestMatch
WARNING: Unable to find CDP implementation matching 149
июн. 10, 2026 12:09:30 PM org.openqa.selenium.chromium.ChromiumDriver lambda$new$5
WARNING: Unable to find version of CDP to use for 149.0.7827.102. You may need to include a dependency on a specific version of the CDP using something similar to `org.seleniumhq.selenium:selenium-devtools-v86:4.18.1` where the version ("v86") matches the version of the chromium-based browser you're using and the version number of the artifact is the same as Selenium's.
]]></system-err>
  </testcase>
  <testcase name="testCheckoutEmptyLastName" classname="com.saucedemo.tests.CheckoutTest" time="0.641">
    <system-out><![CDATA[  ▶ Войти, добавить товары, перейти к оформлению
  ▶ Заполнить First Name и Zip, оставить Last Name пустым
  ✅ Валидация сработала. Ошибка: 'Error: Last Name is required'
]]></system-out>
    <system-err><![CDATA[июн. 10, 2026 12:09:32 PM org.openqa.selenium.devtools.CdpVersionFinder findNearestMatch
WARNING: Unable to find CDP implementation matching 149
июн. 10, 2026 12:09:32 PM org.openqa.selenium.chromium.ChromiumDriver lambda$new$5
WARNING: Unable to find version of CDP to use for 149.0.7827.102. You may need to include a dependency on a specific version of the CDP using something similar to `org.seleniumhq.selenium:selenium-devtools-v86:4.18.1` where the version ("v86") matches the version of the chromium-based browser you're using and the version number of the artifact is the same as Selenium's.
]]></system-err>
  </testcase>
  <testcase name="testCheckoutEmptyZip" classname="com.saucedemo.tests.CheckoutTest" time="0.576">
    <system-out><![CDATA[  ▶ Войти, добавить товары, перейти к оформлению
  ▶ Заполнить First Name и Last Name, оставить Zip пустым
  ✅ Валидация сработала. Ошибка: 'Error: Postal Code is required'
]]></system-out>
    <system-err><![CDATA[июн. 10, 2026 12:09:34 PM org.openqa.selenium.devtools.CdpVersionFinder findNearestMatch
WARNING: Unable to find CDP implementation matching 149
июн. 10, 2026 12:09:34 PM org.openqa.selenium.chromium.ChromiumDriver lambda$new$5
WARNING: Unable to find version of CDP to use for 149.0.7827.102. You may need to include a dependency on a specific version of the CDP using something similar to `org.seleniumhq.selenium:selenium-devtools-v86:4.18.1` where the version ("v86") matches the version of the chromium-based browser you're using and the version number of the artifact is the same as Selenium's.
]]></system-err>
  </testcase>
  <testcase name="testCheckoutAllFieldsEmpty" classname="com.saucedemo.tests.CheckoutTest" time="0.468">
    <system-out><![CDATA[  ▶ Войти, добавить товары, перейти к оформлению
  ▶ Не заполнять ни одного поля, нажать Continue
  ✅ Форма не прошла. Ошибка: 'Error: First Name is required'
]]></system-out>
    <system-err><![CDATA[июн. 10, 2026 12:09:36 PM org.openqa.selenium.devtools.CdpVersionFinder findNearestMatch
WARNING: Unable to find CDP implementation matching 149
июн. 10, 2026 12:09:36 PM org.openqa.selenium.chromium.ChromiumDriver lambda$new$5
WARNING: Unable to find version of CDP to use for 149.0.7827.102. You may need to include a dependency on a specific version of the CDP using something similar to `org.seleniumhq.selenium:selenium-devtools-v86:4.18.1` where the version ("v86") matches the version of the chromium-based browser you're using and the version number of the artifact is the same as Selenium's.
]]></system-err>
  </testcase>
  <testcase name="testCheckoutSummaryData" classname="com.saucedemo.tests.CheckoutTest" time="0.687">
    <system-out><![CDATA[  ▶ Войти и добавить 1 товар
  ▶ Перейти в корзину → Checkout
  ▶ Заполнить данные покупателя
  ▶ Проверить наличие сумм в обзоре
  ✅ Обзор заказа корректен:
  ✅   Подытог: Item total: $29.99
  ✅   Налог:   Tax: $2.40
  ✅   Итого:   Total: $32.39
  ✅   Товаров: 1
]]></system-out>
    <system-err><![CDATA[июн. 10, 2026 12:09:38 PM org.openqa.selenium.devtools.CdpVersionFinder findNearestMatch
WARNING: Unable to find CDP implementation matching 149
июн. 10, 2026 12:09:38 PM org.openqa.selenium.chromium.ChromiumDriver lambda$new$5
WARNING: Unable to find version of CDP to use for 149.0.7827.102. You may need to include a dependency on a specific version of the CDP using something similar to `org.seleniumhq.selenium:selenium-devtools-v86:4.18.1` where the version ("v86") matches the version of the chromium-based browser you're using and the version number of the artifact is the same as Selenium's.
]]></system-err>
  </testcase>
  <testcase name="testCheckoutCancelOnStep1" classname="com.saucedemo.tests.CheckoutTest" time="0.447">
    <system-out><![CDATA[  ▶ Войти, добавить товар, перейти к оформлению
  ▶ Нажать Cancel на шаге 1
  ✅ Cancel вернул в корзину. Товары сохранены: 2
]]></system-out>
    <system-err><![CDATA[июн. 10, 2026 12:09:40 PM org.openqa.selenium.devtools.CdpVersionFinder findNearestMatch
WARNING: Unable to find CDP implementation matching 149
июн. 10, 2026 12:09:40 PM org.openqa.selenium.chromium.ChromiumDriver lambda$new$5
WARNING: Unable to find version of CDP to use for 149.0.7827.102. You may need to include a dependency on a specific version of the CDP using something similar to `org.seleniumhq.selenium:selenium-devtools-v86:4.18.1` where the version ("v86") matches the version of the chromium-based browser you're using and the version number of the artifact is the same as Selenium's.
]]></system-err>
  </testcase>
</testsuite>