<?xml version="1.0" encoding="UTF-8"?>
<!-- Generated by org.testng.reporters.JUnitReportReporter -->
<testsuite hostname="DESKTOP-G67QNAS" failures="0" tests="7" name="com.saucedemo.tests.CartTest" time="33.138" errors="0" timestamp="2026-06-10T12:09:42 MSK" skipped="0">
  <testcase classname="com.saucedemo.tests.CartTest" name="testAddOneItemToCart" time="1.650"/>
  <testcase classname="com.saucedemo.tests.CartTest" name="testAddMultipleItemsToCart" time="1.694"/>
  <testcase classname="com.saucedemo.tests.CartTest" name="testItemAppearsInCart" time="1.744"/>
  <testcase classname="com.saucedemo.tests.CartTest" name="testRemoveItemFromCart" time="1.905"/>
  <testcase classname="com.saucedemo.tests.CartTest" name="testCartEmptyAfterRemoveAll" time="22.580"/>
  <testcase classname="com.saucedemo.tests.CartTest" name="testContinueShopping" time="1.758"/>
  <testcase classname="com.saucedemo.tests.CartTest" name="testCheckoutButtonNavigation" time="1.807"/>
</testsuite> <!-- com.saucedemo.tests.CartTest -->
