<?xml version="1.0" encoding="UTF-8"?>
<!-- Generated by org.testng.reporters.JUnitReportReporter -->
<testsuite hostname="DESKTOP-G67QNAS" failures="0" tests="7" name="com.saucedemo.tests.CheckoutTest" time="14.914" errors="0" timestamp="2026-06-10T12:09:42 MSK" skipped="0">
  <testcase classname="com.saucedemo.tests.CheckoutTest" name="testFullCheckoutFlow" time="2.147"/>
  <testcase classname="com.saucedemo.tests.CheckoutTest" name="testCheckoutEmptyFirstName" time="3.019"/>
  <testcase classname="com.saucedemo.tests.CheckoutTest" name="testCheckoutEmptyLastName" time="1.993"/>
  <testcase classname="com.saucedemo.tests.CheckoutTest" name="testCheckoutEmptyZip" time="1.956"/>
  <testcase classname="com.saucedemo.tests.CheckoutTest" name="testCheckoutAllFieldsEmpty" time="1.876"/>
  <testcase classname="com.saucedemo.tests.CheckoutTest" name="testCheckoutSummaryData" time="2.052"/>
  <testcase classname="com.saucedemo.tests.CheckoutTest" name="testCheckoutCancelOnStep1" time="1.871"/>
</testsuite> <!-- com.saucedemo.tests.CheckoutTest -->
