<?xml version="1.0" encoding="UTF-8"?>
<!-- Generated by org.testng.reporters.JUnitReportReporter -->
<testsuite hostname="DESKTOP-G67QNAS" failures="0" tests="15" name="com.saucedemo.tests.LoginTest" time="38.664" errors="0" timestamp="2026-06-10T12:09:42 MSK" skipped="0">
  <testcase classname="com.saucedemo.tests.LoginTest" name="testLoginStandardUser" time="1.774"/>
  <testcase classname="com.saucedemo.tests.LoginTest" name="testLoginLockedOutUser" time="1.698"/>
  <testcase classname="com.saucedemo.tests.LoginTest" name="testLoginPerformanceUser" time="6.622"/>
  <testcase classname="com.saucedemo.tests.LoginTest" name="testLoginEmptyUsername" time="1.565"/>
  <testcase classname="com.saucedemo.tests.LoginTest" name="testLoginEmptyPassword" time="1.643"/>
  <testcase classname="com.saucedemo.tests.LoginTest" name="testLoginBothFieldsEmpty" time="1.565"/>
  <testcase classname="com.saucedemo.tests.LoginTest" name="testLoginWrongUsername" time="1.674"/>
  <testcase classname="com.saucedemo.tests.LoginTest" name="testLoginWrongPassword" time="1.644"/>
  <testcase classname="com.saucedemo.tests.LoginTest" name="testLogout" time="5.288"/>
  <testcase classname="com.saucedemo.tests.LoginTest" name="testAllUsersLogin" time="2.067"/>
  <testcase classname="com.saucedemo.tests.LoginTest" name="testAllUsersLogin" time="1.595"/>
  <testcase classname="com.saucedemo.tests.LoginTest" name="testAllUsersLogin" time="1.613"/>
  <testcase classname="com.saucedemo.tests.LoginTest" name="testAllUsersLogin" time="1.725"/>
  <testcase classname="com.saucedemo.tests.LoginTest" name="testAllUsersLogin" time="1.616"/>
  <testcase classname="com.saucedemo.tests.LoginTest" name="testAllUsersLogin" time="6.575"/>
</testsuite> <!-- com.saucedemo.tests.LoginTest -->
